<?xml version="1.0" encoding="UTF-8"?>
<!-- Generated by org.testng.reporters.JUnitReportReporter -->
<testsuite hostname="anjuuu" failures="0" tests="1" name="testes.TableTestes" time="10.336" errors="0" timestamp="2023-12-18T07:47:54 IST" skipped="0">
  <testcase classname="testes.TableTestes" name="printOffice_ofparticularPerson" time="10.336"/>
  <system-out/>
</testsuite> <!-- testes.TableTestes -->
