<?xml version="1.0" encoding="UTF-8"?>
<!-- Generated by org.testng.reporters.JUnitReportReporter -->
<testsuite hostname="anjuuu" failures="0" tests="1" name="testes.HomeTestes" time="8.402" errors="0" timestamp="2023-12-20T07:40:13 IST" skipped="0">
  <testcase classname="testes.HomeTestes" name="verify_logo" time="8.402"/>
  <system-out/>
</testsuite> <!-- testes.HomeTestes -->
