<?xml version="1.0" encoding="UTF-8"?>
<!-- Generated by org.testng.reporters.JUnitReportReporter -->
<testsuite hostname="anjuuu" failures="0" tests="2" name="testes.InputFormTest" time="16.385" errors="0" timestamp="2023-12-14T08:31:50 IST" skipped="0">
  <testcase classname="testes.InputFormTest" name="verify_MessageField" time="9.231"/>
  <system-out/>
  <testcase classname="testes.InputFormTest" name="verifyShowmessagebutton" time="7.154"/>
  <system-out/>
</testsuite> <!-- testes.InputFormTest -->
